[0.620s] Invoking command in '/home/technomant/ros2_ws/src/fake_encoder_pkg': PYTHONPATH=/home/technomant/ros2_ws/build/fake_encoder_pkg/prefix_override:/usr/lib/python3/dist-packages/colcon_core/task/python/colcon_distutils_commands:/home/technomant/ros2_ws/install/fake_encoder_pkg/lib/python3.10/site-packages:${PYTHONPATH} /usr/bin/python3 -W ignore:setup.py install is deprecated -W ignore:easy_install command is deprecated setup.py egg_info --egg-base ../../build/fake_encoder_pkg build --build-base /home/technomant/ros2_ws/build/fake_encoder_pkg/build install --record /home/technomant/ros2_ws/build/fake_encoder_pkg/install.log --single-version-externally-managed install_data
[0.862s] running egg_info
[0.863s] writing ../../build/fake_encoder_pkg/fake_encoder_pkg.egg-info/PKG-INFO
[0.863s] writing dependency_links to ../../build/fake_encoder_pkg/fake_encoder_pkg.egg-info/dependency_links.txt
[0.863s] writing entry points to ../../build/fake_encoder_pkg/fake_encoder_pkg.egg-info/entry_points.txt
[0.863s] writing requirements to ../../build/fake_encoder_pkg/fake_encoder_pkg.egg-info/requires.txt
[0.864s] writing top-level names to ../../build/fake_encoder_pkg/fake_encoder_pkg.egg-info/top_level.txt
[0.866s] reading manifest file '../../build/fake_encoder_pkg/fake_encoder_pkg.egg-info/SOURCES.txt'
[0.867s] adding license file 'LICENSE'
[0.868s] writing manifest file '../../build/fake_encoder_pkg/fake_encoder_pkg.egg-info/SOURCES.txt'
[0.868s] running build
[0.868s] running build_py
[0.868s] copying fake_encoder_pkg/fake_encoder.py -> /home/technomant/ros2_ws/build/fake_encoder_pkg/build/lib/fake_encoder_pkg
[0.868s] running install
[0.868s] running install_lib
[0.869s] copying /home/technomant/ros2_ws/build/fake_encoder_pkg/build/lib/fake_encoder_pkg/fake_encoder.py -> /home/technomant/ros2_ws/install/fake_encoder_pkg/lib/python3.10/site-packages/fake_encoder_pkg
[0.870s] byte-compiling /home/technomant/ros2_ws/install/fake_encoder_pkg/lib/python3.10/site-packages/fake_encoder_pkg/fake_encoder.py to fake_encoder.cpython-310.pyc
[0.871s] running install_data
[0.871s] running install_egg_info
[0.873s] removing '/home/technomant/ros2_ws/install/fake_encoder_pkg/lib/python3.10/site-packages/fake_encoder_pkg-0.0.0-py3.10.egg-info' (and everything under it)
[0.873s] Copying ../../build/fake_encoder_pkg/fake_encoder_pkg.egg-info to /home/technomant/ros2_ws/install/fake_encoder_pkg/lib/python3.10/site-packages/fake_encoder_pkg-0.0.0-py3.10.egg-info
[0.874s] running install_scripts
[0.894s] Installing talker script to /home/technomant/ros2_ws/install/fake_encoder_pkg/lib/fake_encoder_pkg
[0.894s] writing list of installed files to '/home/technomant/ros2_ws/build/fake_encoder_pkg/install.log'
[0.917s] Invoked command in '/home/technomant/ros2_ws/src/fake_encoder_pkg' returned '0': PYTHONPATH=/home/technomant/ros2_ws/build/fake_encoder_pkg/prefix_override:/usr/lib/python3/dist-packages/colcon_core/task/python/colcon_distutils_commands:/home/technomant/ros2_ws/install/fake_encoder_pkg/lib/python3.10/site-packages:${PYTHONPATH} /usr/bin/python3 -W ignore:setup.py install is deprecated -W ignore:easy_install command is deprecated setup.py egg_info --egg-base ../../build/fake_encoder_pkg build --build-base /home/technomant/ros2_ws/build/fake_encoder_pkg/build install --record /home/technomant/ros2_ws/build/fake_encoder_pkg/install.log --single-version-externally-managed install_data
