running develop
Removing /home/technomant/ros2_ws/install/fake_encoder_pkg/lib/python3.10/site-packages/fake-encoder-pkg.egg-link (link to .)
running egg_info
writing ../../build/fake_encoder_pkg/fake_encoder_pkg.egg-info/PKG-INFO
writing dependency_links to ../../build/fake_encoder_pkg/fake_encoder_pkg.egg-info/dependency_links.txt
writing entry points to ../../build/fake_encoder_pkg/fake_encoder_pkg.egg-info/entry_points.txt
writing requirements to ../../build/fake_encoder_pkg/fake_encoder_pkg.egg-info/requires.txt
writing top-level names to ../../build/fake_encoder_pkg/fake_encoder_pkg.egg-info/top_level.txt
reading manifest file '../../build/fake_encoder_pkg/fake_encoder_pkg.egg-info/SOURCES.txt'
adding license file 'LICENSE'
writing manifest file '../../build/fake_encoder_pkg/fake_encoder_pkg.egg-info/SOURCES.txt'
running build
running build_py
copying fake_encoder_pkg/encoder_driver.py -> /home/technomant/ros2_ws/build/fake_encoder_pkg/build/lib/fake_encoder_pkg
copying fake_encoder_pkg/fake_encoder.py -> /home/technomant/ros2_ws/build/fake_encoder_pkg/build/lib/fake_encoder_pkg
copying fake_encoder_pkg/wheel_odom.py -> /home/technomant/ros2_ws/build/fake_encoder_pkg/build/lib/fake_encoder_pkg
running install
running install_lib
creating /home/technomant/ros2_ws/install/fake_encoder_pkg/lib/python3.10/site-packages/fake_encoder_pkg
copying /home/technomant/ros2_ws/build/fake_encoder_pkg/build/lib/fake_encoder_pkg/encoder_driver.py -> /home/technomant/ros2_ws/install/fake_encoder_pkg/lib/python3.10/site-packages/fake_encoder_pkg
copying /home/technomant/ros2_ws/build/fake_encoder_pkg/build/lib/fake_encoder_pkg/__init__.py -> /home/technomant/ros2_ws/install/fake_encoder_pkg/lib/python3.10/site-packages/fake_encoder_pkg
copying /home/technomant/ros2_ws/build/fake_encoder_pkg/build/lib/fake_encoder_pkg/fake_encoder.py -> /home/technomant/ros2_ws/install/fake_encoder_pkg/lib/python3.10/site-packages/fake_encoder_pkg
copying /home/technomant/ros2_ws/build/fake_encoder_pkg/build/lib/fake_encoder_pkg/wheel_odom.py -> /home/technomant/ros2_ws/install/fake_encoder_pkg/lib/python3.10/site-packages/fake_encoder_pkg
byte-compiling /home/technomant/ros2_ws/install/fake_encoder_pkg/lib/python3.10/site-packages/fake_encoder_pkg/encoder_driver.py to encoder_driver.cpython-310.pyc
byte-compiling /home/technomant/ros2_ws/install/fake_encoder_pkg/lib/python3.10/site-packages/fake_encoder_pkg/__init__.py to __init__.cpython-310.pyc
byte-compiling /home/technomant/ros2_ws/install/fake_encoder_pkg/lib/python3.10/site-packages/fake_encoder_pkg/fake_encoder.py to fake_encoder.cpython-310.pyc
byte-compiling /home/technomant/ros2_ws/install/fake_encoder_pkg/lib/python3.10/site-packages/fake_encoder_pkg/wheel_odom.py to wheel_odom.cpython-310.pyc
running install_data
copying resource/fake_encoder_pkg -> /home/technomant/ros2_ws/install/fake_encoder_pkg/share/ament_index/resource_index/packages
copying package.xml -> /home/technomant/ros2_ws/install/fake_encoder_pkg/share/fake_encoder_pkg
running install_egg_info
Copying ../../build/fake_encoder_pkg/fake_encoder_pkg.egg-info to /home/technomant/ros2_ws/install/fake_encoder_pkg/lib/python3.10/site-packages/fake_encoder_pkg-0.0.0-py3.10.egg-info
running install_scripts
Installing driver = fake_encoder_pkg.encoder_driver:mainodometry script to /home/technomant/ros2_ws/install/fake_encoder_pkg/lib/fake_encoder_pkg
Installing encoder script to /home/technomant/ros2_ws/install/fake_encoder_pkg/lib/fake_encoder_pkg
writing list of installed files to '/home/technomant/ros2_ws/build/fake_encoder_pkg/install.log'
