[0.645s] Invoking command in '/home/technomant/ros2_ws/build/fake_encoder_pkg': PYTHONPATH=/home/technomant/ros2_ws/build/fake_encoder_pkg/prefix_override:/usr/lib/python3/dist-packages/colcon_core/task/python/colcon_distutils_commands:/home/technomant/ros2_ws/install/fake_encoder_pkg/lib/python3.10/site-packages:${PYTHONPATH} /usr/bin/python3 -W ignore:setup.py install is deprecated -W ignore:easy_install command is deprecated setup.py develop --uninstall --editable --build-directory /home/technomant/ros2_ws/build/fake_encoder_pkg/build
[0.916s] running develop
[1.082s] Removing /home/technomant/ros2_ws/install/fake_encoder_pkg/lib/python3.10/site-packages/fake-encoder-pkg.egg-link (link to .)
[1.120s] Invoked command in '/home/technomant/ros2_ws/build/fake_encoder_pkg' returned '0': PYTHONPATH=/home/technomant/ros2_ws/build/fake_encoder_pkg/prefix_override:/usr/lib/python3/dist-packages/colcon_core/task/python/colcon_distutils_commands:/home/technomant/ros2_ws/install/fake_encoder_pkg/lib/python3.10/site-packages:${PYTHONPATH} /usr/bin/python3 -W ignore:setup.py install is deprecated -W ignore:easy_install command is deprecated setup.py develop --uninstall --editable --build-directory /home/technomant/ros2_ws/build/fake_encoder_pkg/build
[1.122s] Invoking command in '/home/technomant/ros2_ws/src/fake_encoder_pkg': PYTHONPATH=/home/technomant/ros2_ws/build/fake_encoder_pkg/prefix_override:/usr/lib/python3/dist-packages/colcon_core/task/python/colcon_distutils_commands:/home/technomant/ros2_ws/install/fake_encoder_pkg/lib/python3.10/site-packages:${PYTHONPATH} /usr/bin/python3 -W ignore:setup.py install is deprecated -W ignore:easy_install command is deprecated setup.py egg_info --egg-base ../../build/fake_encoder_pkg build --build-base /home/technomant/ros2_ws/build/fake_encoder_pkg/build install --record /home/technomant/ros2_ws/build/fake_encoder_pkg/install.log --single-version-externally-managed install_data --force
[1.411s] running egg_info
[1.411s] writing ../../build/fake_encoder_pkg/fake_encoder_pkg.egg-info/PKG-INFO
[1.411s] writing dependency_links to ../../build/fake_encoder_pkg/fake_encoder_pkg.egg-info/dependency_links.txt
[1.412s] writing entry points to ../../build/fake_encoder_pkg/fake_encoder_pkg.egg-info/entry_points.txt
[1.412s] writing requirements to ../../build/fake_encoder_pkg/fake_encoder_pkg.egg-info/requires.txt
[1.412s] writing top-level names to ../../build/fake_encoder_pkg/fake_encoder_pkg.egg-info/top_level.txt
[1.414s] reading manifest file '../../build/fake_encoder_pkg/fake_encoder_pkg.egg-info/SOURCES.txt'
[1.414s] adding license file 'LICENSE'
[1.415s] writing manifest file '../../build/fake_encoder_pkg/fake_encoder_pkg.egg-info/SOURCES.txt'
[1.415s] running build
[1.415s] running build_py
[1.415s] copying fake_encoder_pkg/encoder_driver.py -> /home/technomant/ros2_ws/build/fake_encoder_pkg/build/lib/fake_encoder_pkg
[1.415s] copying fake_encoder_pkg/fake_encoder.py -> /home/technomant/ros2_ws/build/fake_encoder_pkg/build/lib/fake_encoder_pkg
[1.416s] copying fake_encoder_pkg/wheel_odom.py -> /home/technomant/ros2_ws/build/fake_encoder_pkg/build/lib/fake_encoder_pkg
[1.416s] running install
[1.416s] running install_lib
[1.417s] creating /home/technomant/ros2_ws/install/fake_encoder_pkg/lib/python3.10/site-packages/fake_encoder_pkg
[1.417s] copying /home/technomant/ros2_ws/build/fake_encoder_pkg/build/lib/fake_encoder_pkg/encoder_driver.py -> /home/technomant/ros2_ws/install/fake_encoder_pkg/lib/python3.10/site-packages/fake_encoder_pkg
[1.417s] copying /home/technomant/ros2_ws/build/fake_encoder_pkg/build/lib/fake_encoder_pkg/__init__.py -> /home/technomant/ros2_ws/install/fake_encoder_pkg/lib/python3.10/site-packages/fake_encoder_pkg
[1.417s] copying /home/technomant/ros2_ws/build/fake_encoder_pkg/build/lib/fake_encoder_pkg/fake_encoder.py -> /home/technomant/ros2_ws/install/fake_encoder_pkg/lib/python3.10/site-packages/fake_encoder_pkg
[1.417s] copying /home/technomant/ros2_ws/build/fake_encoder_pkg/build/lib/fake_encoder_pkg/wheel_odom.py -> /home/technomant/ros2_ws/install/fake_encoder_pkg/lib/python3.10/site-packages/fake_encoder_pkg
[1.417s] byte-compiling /home/technomant/ros2_ws/install/fake_encoder_pkg/lib/python3.10/site-packages/fake_encoder_pkg/encoder_driver.py to encoder_driver.cpython-310.pyc
[1.418s] byte-compiling /home/technomant/ros2_ws/install/fake_encoder_pkg/lib/python3.10/site-packages/fake_encoder_pkg/__init__.py to __init__.cpython-310.pyc
[1.418s] byte-compiling /home/technomant/ros2_ws/install/fake_encoder_pkg/lib/python3.10/site-packages/fake_encoder_pkg/fake_encoder.py to fake_encoder.cpython-310.pyc
[1.419s] byte-compiling /home/technomant/ros2_ws/install/fake_encoder_pkg/lib/python3.10/site-packages/fake_encoder_pkg/wheel_odom.py to wheel_odom.cpython-310.pyc
[1.419s] running install_data
[1.419s] copying resource/fake_encoder_pkg -> /home/technomant/ros2_ws/install/fake_encoder_pkg/share/ament_index/resource_index/packages
[1.419s] copying package.xml -> /home/technomant/ros2_ws/install/fake_encoder_pkg/share/fake_encoder_pkg
[1.419s] running install_egg_info
[1.421s] Copying ../../build/fake_encoder_pkg/fake_encoder_pkg.egg-info to /home/technomant/ros2_ws/install/fake_encoder_pkg/lib/python3.10/site-packages/fake_encoder_pkg-0.0.0-py3.10.egg-info
[1.463s] running install_scripts
[1.512s] Installing driver = fake_encoder_pkg.encoder_driver:mainodometry script to /home/technomant/ros2_ws/install/fake_encoder_pkg/lib/fake_encoder_pkg
[1.512s] Installing encoder script to /home/technomant/ros2_ws/install/fake_encoder_pkg/lib/fake_encoder_pkg
[1.512s] writing list of installed files to '/home/technomant/ros2_ws/build/fake_encoder_pkg/install.log'
[1.535s] Invoked command in '/home/technomant/ros2_ws/src/fake_encoder_pkg' returned '0': PYTHONPATH=/home/technomant/ros2_ws/build/fake_encoder_pkg/prefix_override:/usr/lib/python3/dist-packages/colcon_core/task/python/colcon_distutils_commands:/home/technomant/ros2_ws/install/fake_encoder_pkg/lib/python3.10/site-packages:${PYTHONPATH} /usr/bin/python3 -W ignore:setup.py install is deprecated -W ignore:easy_install command is deprecated setup.py egg_info --egg-base ../../build/fake_encoder_pkg build --build-base /home/technomant/ros2_ws/build/fake_encoder_pkg/build install --record /home/technomant/ros2_ws/build/fake_encoder_pkg/install.log --single-version-externally-managed install_data --force
