running egg_info
creating ../../build/fake_encoder_pkg/fake_encoder_pkg.egg-info
writing ../../build/fake_encoder_pkg/fake_encoder_pkg.egg-info/PKG-INFO
writing dependency_links to ../../build/fake_encoder_pkg/fake_encoder_pkg.egg-info/dependency_links.txt
writing entry points to ../../build/fake_encoder_pkg/fake_encoder_pkg.egg-info/entry_points.txt
writing requirements to ../../build/fake_encoder_pkg/fake_encoder_pkg.egg-info/requires.txt
writing top-level names to ../../build/fake_encoder_pkg/fake_encoder_pkg.egg-info/top_level.txt
writing manifest file '../../build/fake_encoder_pkg/fake_encoder_pkg.egg-info/SOURCES.txt'
reading manifest file '../../build/fake_encoder_pkg/fake_encoder_pkg.egg-info/SOURCES.txt'
adding license file 'LICENSE'
writing manifest file '../../build/fake_encoder_pkg/fake_encoder_pkg.egg-info/SOURCES.txt'
running build
running build_py
creating /home/technomant/ros2_ws/build/fake_encoder_pkg/build
creating /home/technomant/ros2_ws/build/fake_encoder_pkg/build/lib
creating /home/technomant/ros2_ws/build/fake_encoder_pkg/build/lib/fake_encoder_pkg
copying fake_encoder_pkg/__init__.py -> /home/technomant/ros2_ws/build/fake_encoder_pkg/build/lib/fake_encoder_pkg
running install
running install_lib
creating /home/technomant/ros2_ws/install/fake_encoder_pkg/lib/python3.10/site-packages/fake_encoder_pkg
copying /home/technomant/ros2_ws/build/fake_encoder_pkg/build/lib/fake_encoder_pkg/__init__.py -> /home/technomant/ros2_ws/install/fake_encoder_pkg/lib/python3.10/site-packages/fake_encoder_pkg
byte-compiling /home/technomant/ros2_ws/install/fake_encoder_pkg/lib/python3.10/site-packages/fake_encoder_pkg/__init__.py to __init__.cpython-310.pyc
running install_data
creating /home/technomant/ros2_ws/install/fake_encoder_pkg/share/ament_index
creating /home/technomant/ros2_ws/install/fake_encoder_pkg/share/ament_index/resource_index
creating /home/technomant/ros2_ws/install/fake_encoder_pkg/share/ament_index/resource_index/packages
copying resource/fake_encoder_pkg -> /home/technomant/ros2_ws/install/fake_encoder_pkg/share/ament_index/resource_index/packages
copying package.xml -> /home/technomant/ros2_ws/install/fake_encoder_pkg/share/fake_encoder_pkg
running install_egg_info
Copying ../../build/fake_encoder_pkg/fake_encoder_pkg.egg-info to /home/technomant/ros2_ws/install/fake_encoder_pkg/lib/python3.10/site-packages/fake_encoder_pkg-0.0.0-py3.10.egg-info
running install_scripts
writing list of installed files to '/home/technomant/ros2_ws/build/fake_encoder_pkg/install.log'
