[0.585s] Invoking command in '/home/technomant/ros2_ws/src/fake_encoder_pkg': PYTHONPATH=/home/technomant/ros2_ws/build/fake_encoder_pkg/prefix_override:/usr/lib/python3/dist-packages/colcon_core/task/python/colcon_distutils_commands:/home/technomant/ros2_ws/install/fake_encoder_pkg/lib/python3.10/site-packages:${PYTHONPATH} /usr/bin/python3 -W ignore:setup.py install is deprecated -W ignore:easy_install command is deprecated setup.py egg_info --egg-base ../../build/fake_encoder_pkg build --build-base /home/technomant/ros2_ws/build/fake_encoder_pkg/build install --record /home/technomant/ros2_ws/build/fake_encoder_pkg/install.log --single-version-externally-managed install_data
[0.817s] running egg_info
[0.818s] creating ../../build/fake_encoder_pkg/fake_encoder_pkg.egg-info
[0.818s] writing ../../build/fake_encoder_pkg/fake_encoder_pkg.egg-info/PKG-INFO
[0.818s] writing dependency_links to ../../build/fake_encoder_pkg/fake_encoder_pkg.egg-info/dependency_links.txt
[0.818s] writing entry points to ../../build/fake_encoder_pkg/fake_encoder_pkg.egg-info/entry_points.txt
[0.819s] writing requirements to ../../build/fake_encoder_pkg/fake_encoder_pkg.egg-info/requires.txt
[0.819s] writing top-level names to ../../build/fake_encoder_pkg/fake_encoder_pkg.egg-info/top_level.txt
[0.819s] writing manifest file '../../build/fake_encoder_pkg/fake_encoder_pkg.egg-info/SOURCES.txt'
[0.820s] reading manifest file '../../build/fake_encoder_pkg/fake_encoder_pkg.egg-info/SOURCES.txt'
[0.821s] adding license file 'LICENSE'
[0.821s] writing manifest file '../../build/fake_encoder_pkg/fake_encoder_pkg.egg-info/SOURCES.txt'
[0.822s] running build
[0.822s] running build_py
[0.822s] creating /home/technomant/ros2_ws/build/fake_encoder_pkg/build
[0.822s] creating /home/technomant/ros2_ws/build/fake_encoder_pkg/build/lib
[0.822s] creating /home/technomant/ros2_ws/build/fake_encoder_pkg/build/lib/fake_encoder_pkg
[0.822s] copying fake_encoder_pkg/__init__.py -> /home/technomant/ros2_ws/build/fake_encoder_pkg/build/lib/fake_encoder_pkg
[0.822s] running install
[0.822s] running install_lib
[0.823s] creating /home/technomant/ros2_ws/install/fake_encoder_pkg/lib/python3.10/site-packages/fake_encoder_pkg
[0.823s] copying /home/technomant/ros2_ws/build/fake_encoder_pkg/build/lib/fake_encoder_pkg/__init__.py -> /home/technomant/ros2_ws/install/fake_encoder_pkg/lib/python3.10/site-packages/fake_encoder_pkg
[0.824s] byte-compiling /home/technomant/ros2_ws/install/fake_encoder_pkg/lib/python3.10/site-packages/fake_encoder_pkg/__init__.py to __init__.cpython-310.pyc
[0.824s] running install_data
[0.824s] creating /home/technomant/ros2_ws/install/fake_encoder_pkg/share/ament_index
[0.824s] creating /home/technomant/ros2_ws/install/fake_encoder_pkg/share/ament_index/resource_index
[0.824s] creating /home/technomant/ros2_ws/install/fake_encoder_pkg/share/ament_index/resource_index/packages
[0.824s] copying resource/fake_encoder_pkg -> /home/technomant/ros2_ws/install/fake_encoder_pkg/share/ament_index/resource_index/packages
[0.825s] copying package.xml -> /home/technomant/ros2_ws/install/fake_encoder_pkg/share/fake_encoder_pkg
[0.825s] running install_egg_info
[0.827s] Copying ../../build/fake_encoder_pkg/fake_encoder_pkg.egg-info to /home/technomant/ros2_ws/install/fake_encoder_pkg/lib/python3.10/site-packages/fake_encoder_pkg-0.0.0-py3.10.egg-info
[0.828s] running install_scripts
[0.849s] writing list of installed files to '/home/technomant/ros2_ws/build/fake_encoder_pkg/install.log'
[0.871s] Invoked command in '/home/technomant/ros2_ws/src/fake_encoder_pkg' returned '0': PYTHONPATH=/home/technomant/ros2_ws/build/fake_encoder_pkg/prefix_override:/usr/lib/python3/dist-packages/colcon_core/task/python/colcon_distutils_commands:/home/technomant/ros2_ws/install/fake_encoder_pkg/lib/python3.10/site-packages:${PYTHONPATH} /usr/bin/python3 -W ignore:setup.py install is deprecated -W ignore:easy_install command is deprecated setup.py egg_info --egg-base ../../build/fake_encoder_pkg build --build-base /home/technomant/ros2_ws/build/fake_encoder_pkg/build install --record /home/technomant/ros2_ws/build/fake_encoder_pkg/install.log --single-version-externally-managed install_data
