[0.561s] Invoking command in '/home/technomant/ros2_ws/build/fake_encoder_pkg': PYTHONPATH=/home/technomant/ros2_ws/build/fake_encoder_pkg/prefix_override:/usr/lib/python3/dist-packages/colcon_core/task/python/colcon_distutils_commands:/home/technomant/ros2_ws/install/fake_encoder_pkg/lib/python3.10/site-packages:${PYTHONPATH} /usr/bin/python3 -W ignore:setup.py install is deprecated -W ignore:easy_install command is deprecated setup.py develop --editable --build-directory /home/technomant/ros2_ws/build/fake_encoder_pkg/build --no-deps symlink_data --force
[0.805s] running develop
[0.959s] running egg_info
[0.959s] writing fake_encoder_pkg.egg-info/PKG-INFO
[0.959s] writing dependency_links to fake_encoder_pkg.egg-info/dependency_links.txt
[0.959s] writing entry points to fake_encoder_pkg.egg-info/entry_points.txt
[0.960s] writing requirements to fake_encoder_pkg.egg-info/requires.txt
[0.960s] writing top-level names to fake_encoder_pkg.egg-info/top_level.txt
[0.962s] reading manifest file 'fake_encoder_pkg.egg-info/SOURCES.txt'
[0.963s] writing manifest file 'fake_encoder_pkg.egg-info/SOURCES.txt'
[0.964s] running build_ext
[0.965s] Creating /home/technomant/ros2_ws/install/fake_encoder_pkg/lib/python3.10/site-packages/fake-encoder-pkg.egg-link (link to .)
[0.966s] Installing driver = fake_encoder_pkg.encoder_driver:mainodometry script to /home/technomant/ros2_ws/install/fake_encoder_pkg/lib/fake_encoder_pkg
[0.966s] Installing encoder script to /home/technomant/ros2_ws/install/fake_encoder_pkg/lib/fake_encoder_pkg
[0.966s] 
[0.966s] Installed /home/technomant/ros2_ws/build/fake_encoder_pkg
[0.966s] running symlink_data
[0.966s] symbolically linking /home/technomant/ros2_ws/build/fake_encoder_pkg/resource/fake_encoder_pkg -> /home/technomant/ros2_ws/install/fake_encoder_pkg/share/ament_index/resource_index/packages
[0.966s] symbolically linking /home/technomant/ros2_ws/build/fake_encoder_pkg/package.xml -> /home/technomant/ros2_ws/install/fake_encoder_pkg/share/fake_encoder_pkg
[0.992s] Invoked command in '/home/technomant/ros2_ws/build/fake_encoder_pkg' returned '0': PYTHONPATH=/home/technomant/ros2_ws/build/fake_encoder_pkg/prefix_override:/usr/lib/python3/dist-packages/colcon_core/task/python/colcon_distutils_commands:/home/technomant/ros2_ws/install/fake_encoder_pkg/lib/python3.10/site-packages:${PYTHONPATH} /usr/bin/python3 -W ignore:setup.py install is deprecated -W ignore:easy_install command is deprecated setup.py develop --editable --build-directory /home/technomant/ros2_ws/build/fake_encoder_pkg/build --no-deps symlink_data --force
