[0.571s] Invoking command in '/home/technomant/ros2_ws/src/fake_encoder_pkg': PYTHONPATH=/home/technomant/ros2_ws/build/fake_encoder_pkg/prefix_override:/usr/lib/python3/dist-packages/colcon_core/task/python/colcon_distutils_commands:/home/technomant/ros2_ws/install/fake_encoder_pkg/lib/python3.10/site-packages:${PYTHONPATH} /usr/bin/python3 -W ignore:setup.py install is deprecated -W ignore:easy_install command is deprecated setup.py egg_info --egg-base ../../build/fake_encoder_pkg build --build-base /home/technomant/ros2_ws/build/fake_encoder_pkg/build install --record /home/technomant/ros2_ws/build/fake_encoder_pkg/install.log --single-version-externally-managed install_data
[0.795s] running egg_info
[0.796s] writing ../../build/fake_encoder_pkg/fake_encoder_pkg.egg-info/PKG-INFO
[0.796s] writing dependency_links to ../../build/fake_encoder_pkg/fake_encoder_pkg.egg-info/dependency_links.txt
[0.796s] writing entry points to ../../build/fake_encoder_pkg/fake_encoder_pkg.egg-info/entry_points.txt
[0.796s] writing requirements to ../../build/fake_encoder_pkg/fake_encoder_pkg.egg-info/requires.txt
[0.796s] writing top-level names to ../../build/fake_encoder_pkg/fake_encoder_pkg.egg-info/top_level.txt
[0.799s] reading manifest file '../../build/fake_encoder_pkg/fake_encoder_pkg.egg-info/SOURCES.txt'
[0.799s] adding license file 'LICENSE'
[0.800s] writing manifest file '../../build/fake_encoder_pkg/fake_encoder_pkg.egg-info/SOURCES.txt'
[0.800s] running build
[0.800s] running build_py
[0.800s] running install
[0.800s] running install_lib
[0.801s] running install_data
[0.801s] running install_egg_info
[0.803s] removing '/home/technomant/ros2_ws/install/fake_encoder_pkg/lib/python3.10/site-packages/fake_encoder_pkg-0.0.0-py3.10.egg-info' (and everything under it)
[0.803s] Copying ../../build/fake_encoder_pkg/fake_encoder_pkg.egg-info to /home/technomant/ros2_ws/install/fake_encoder_pkg/lib/python3.10/site-packages/fake_encoder_pkg-0.0.0-py3.10.egg-info
[0.804s] running install_scripts
[0.823s] Installing driver = fake_encoder_pkg.encoder_driver:mainodometry script to /home/technomant/ros2_ws/install/fake_encoder_pkg/lib/fake_encoder_pkg
[0.824s] Installing encoder script to /home/technomant/ros2_ws/install/fake_encoder_pkg/lib/fake_encoder_pkg
[0.824s] writing list of installed files to '/home/technomant/ros2_ws/build/fake_encoder_pkg/install.log'
[0.848s] Invoked command in '/home/technomant/ros2_ws/src/fake_encoder_pkg' returned '0': PYTHONPATH=/home/technomant/ros2_ws/build/fake_encoder_pkg/prefix_override:/usr/lib/python3/dist-packages/colcon_core/task/python/colcon_distutils_commands:/home/technomant/ros2_ws/install/fake_encoder_pkg/lib/python3.10/site-packages:${PYTHONPATH} /usr/bin/python3 -W ignore:setup.py install is deprecated -W ignore:easy_install command is deprecated setup.py egg_info --egg-base ../../build/fake_encoder_pkg build --build-base /home/technomant/ros2_ws/build/fake_encoder_pkg/build install --record /home/technomant/ros2_ws/build/fake_encoder_pkg/install.log --single-version-externally-managed install_data
